<?xml version="1.0" encoding="UTF-8"?>
<!-- Generated by org.testng.reporters.JUnitReportReporter -->
<testsuite hostname="DESKTOP-2DLRBJO" failures="0" tests="1" name="test.TestGuru99Login" time="1.391" errors="0" timestamp="2020-06-26T01:17:42 CDT" skipped="0">
  <testcase classname="test.TestGuru99Login" name="test_Home_Page_Appear_Correct" time="1.391"/>
  <system-out/>
</testsuite> <!-- test.TestGuru99Login -->
