<?xml version="1.0" encoding="UTF-8"?>
<!-- Generated by org.testng.reporters.JUnitReportReporter -->
<testsuite hostname="DESKTOP-2DLRBJO" failures="0" tests="1" name="test.TestGuru99LoginPageFactory" time="2.986" errors="0" timestamp="2020-06-25T18:15:00 CDT" skipped="0">
  <testcase classname="test.TestGuru99LoginPageFactory" name="test_Home_Page_Appear_Correct" time="2.986"/>
  <system-out/>
</testsuite> <!-- test.TestGuru99LoginPageFactory -->
