<?xml version="1.0" encoding="UTF-8"?>
<!-- Generated by org.testng.reporters.JUnitReportReporter -->
<testsuite hostname="DESKTOP-2DLRBJO" failures="0" tests="1" name="test.TestMicrosoftFlow" time="17.750" errors="0" timestamp="2020-06-26T11:30:39 CDT" skipped="0">
  <testcase classname="test.TestMicrosoftFlow" name="test_Flow_1" time="17.750"/>
  <system-out/>
</testsuite> <!-- test.TestMicrosoftFlow -->
